<?xml version="1.0" encoding="utf-8" standalone="no"?>
<!--This file represents the results of running a test suite-->
<test-results name="build\bin\NUnitForms.Test.dll" total="198" failures="0" not-run="81" date="2008-03-14" time="01:08:23">
  <environment nunit-version="2.4.6.0" clr-version="2.0.50727.1433" os-version="Microsoft Windows NT 6.0.6000.0" platform="Win32NT" cwd="C:\Users\dada\Desktop\nunitforms\nunitforms" machine-name="EXPLORER" user="admin" user-domain="EXPLORER" />
  <culture-info current-culture="en-US" current-uiculture="en-US" />
  <test-suite name="build\bin\NUnitForms.Test.dll" success="True" time="5.579" asserts="0">
    <results>
      <test-suite name="NUnit" success="True" time="5.578" asserts="0">
        <results>
          <test-suite name="Extensions" success="True" time="5.532" asserts="0">
            <results>
              <test-suite name="Forms" success="True" time="5.532" asserts="0">
                <results>
                  <test-suite name="Recorder" success="True" time="2.264" asserts="0">
                    <results>
                      <test-suite name="Test" success="True" time="2.264" asserts="0">
                        <results>
                          <test-suite name="CheckBoxRecorderTest" success="True" time="0.922" asserts="0">
                            <categories>
                              <category name="Recorder" />
                            </categories>
                            <results>
                              <test-case name="NUnit.Extensions.Forms.Recorder.Test.CheckBoxRecorderTest.CheckUnCheck" executed="True" success="True" time="0.918" asserts="2" />
                            </results>
                          </test-suite>
                          <test-suite name="ComboBoxRecorderTest" success="True" time="0.297" asserts="0">
                            <categories>
                              <category name="Recorder" />
                            </categories>
                            <results>
                              <test-case name="NUnit.Extensions.Forms.Recorder.Test.ComboBoxRecorderTest.ComboBoxEnter" executed="True" success="True" time="0.206" asserts="2" />
                              <test-case name="NUnit.Extensions.Forms.Recorder.Test.ComboBoxRecorderTest.ComboBoxEnterAndSelect" executed="True" success="True" time="0.038" asserts="2" />
                              <test-case name="NUnit.Extensions.Forms.Recorder.Test.ComboBoxRecorderTest.ComboBoxSelect" executed="True" success="True" time="0.051" asserts="2" />
                            </results>
                          </test-suite>
                          <test-suite name="DynamicControlsRecorderTest" success="True" time="0.030" asserts="0">
                            <categories>
                              <category name="Recorder" />
                            </categories>
                            <results>
                              <test-case name="NUnit.Extensions.Forms.Recorder.Test.DynamicControlsRecorderTest.DynamicControlRecorded" executed="True" success="True" time="0.029" asserts="2" />
                            </results>
                          </test-suite>
                          <test-suite name="EnterTextCollapsingProcessorTest" success="True" time="0.005" asserts="0">
                            <categories>
                              <category name="Recorder" />
                            </categories>
                            <results>
                              <test-case name="NUnit.Extensions.Forms.Recorder.Test.EnterTextCollapsingProcessorTest.CanCollapse" executed="True" success="True" time="0.002" asserts="2" />
                              <test-case name="NUnit.Extensions.Forms.Recorder.Test.EnterTextCollapsingProcessorTest.CanCollapseMoreComplex" executed="True" success="True" time="0.000" asserts="5" />
                              <test-case name="NUnit.Extensions.Forms.Recorder.Test.EnterTextCollapsingProcessorTest.DontCollapseDifferentControls" executed="True" success="True" time="0.001" asserts="1" />
                              <test-case name="NUnit.Extensions.Forms.Recorder.Test.EnterTextCollapsingProcessorTest.DontCollapseDifferentMethods" executed="True" success="True" time="0.000" asserts="1" />
                            </results>
                          </test-suite>
                          <test-suite name="LinkButtonRecorderTest" success="True" time="0.032" asserts="0">
                            <categories>
                              <category name="Recorder" />
                            </categories>
                            <results>
                              <test-case name="NUnit.Extensions.Forms.Recorder.Test.LinkButtonRecorderTest.Click" executed="True" success="True" time="0.032" asserts="2" />
                            </results>
                          </test-suite>
                          <test-suite name="ListBoxRecorderTest" success="True" time="0.102" asserts="0">
                            <categories>
                              <category name="Recorder" />
                            </categories>
                            <results>
                              <test-case name="NUnit.Extensions.Forms.Recorder.Test.ListBoxRecorderTest.MutlipleSelection" executed="True" success="True" time="0.050" asserts="2" />
                              <test-case name="NUnit.Extensions.Forms.Recorder.Test.ListBoxRecorderTest.SelectItem" executed="True" success="True" time="0.027" asserts="2" />
                              <test-case name="NUnit.Extensions.Forms.Recorder.Test.ListBoxRecorderTest.SingleSelectBox" executed="True" success="True" time="0.023" asserts="2" />
                            </results>
                          </test-suite>
                          <test-suite name="ListenerTest" success="True" time="0.022" asserts="0">
                            <categories>
                              <category name="Recorder" />
                            </categories>
                            <results>
                              <test-case name="NUnit.Extensions.Forms.Recorder.Test.ListenerTest.Listen" executed="True" success="True" time="0.022" asserts="4" />
                            </results>
                          </test-suite>
                          <test-suite name="MenuItemRecorderTest" success="True" time="0.033" asserts="0">
                            <categories>
                              <category name="Recorder" />
                            </categories>
                            <results>
                              <test-case name="NUnit.Extensions.Forms.Recorder.Test.MenuItemRecorderTest.MenuItemClick" executed="True" success="True" time="0.033" asserts="2" />
                            </results>
                          </test-suite>
                          <test-suite name="MultipleFormsTest" success="True" time="0.158" asserts="0">
                            <categories>
                              <category name="Recorder" />
                            </categories>
                            <results>
                              <test-case name="NUnit.Extensions.Forms.Recorder.Test.MultipleFormsTest.EventCausesAnother" executed="True" success="True" time="0.030" asserts="1" />
                              <test-case name="NUnit.Extensions.Forms.Recorder.Test.MultipleFormsTest.FormClose" executed="True" success="True" time="0.030" asserts="1" />
                              <test-case name="NUnit.Extensions.Forms.Recorder.Test.MultipleFormsTest.MultipleForms" executed="True" success="True" time="0.041" asserts="2" />
                              <test-case name="NUnit.Extensions.Forms.Recorder.Test.MultipleFormsTest.NamesShouldAdapt" executed="True" success="True" time="0.056" asserts="4" />
                            </results>
                          </test-suite>
                          <test-suite name="NameResolverTest" success="True" time="0.032" asserts="0">
                            <categories>
                              <category name="Recorder" />
                            </categories>
                            <results>
                              <test-case name="NUnit.Extensions.Forms.Recorder.Test.NameResolverTest.AmbiguousButton" executed="True" success="True" time="0.032" asserts="2" />
                            </results>
                          </test-suite>
                          <test-suite name="RadioButtonRecorderTest" success="True" time="0.109" asserts="0">
                            <categories>
                              <category name="Recorder" />
                            </categories>
                            <results>
                              <test-case name="NUnit.Extensions.Forms.Recorder.Test.RadioButtonRecorderTest.Click" executed="True" success="True" time="0.105" asserts="2" />
                            </results>
                          </test-suite>
                          <test-suite name="TabControlRecorderTest" success="True" time="0.086" asserts="0">
                            <categories>
                              <category name="Recorder" />
                            </categories>
                            <results>
                              <test-case name="NUnit.Extensions.Forms.Recorder.Test.TabControlRecorderTest.TabControlSelectIndex" executed="True" success="True" time="0.085" asserts="2" />
                            </results>
                          </test-suite>
                          <test-suite name="TestWriterTest" success="True" time="0.031" asserts="0">
                            <categories>
                              <category name="Recorder" />
                            </categories>
                            <results>
                              <test-case name="NUnit.Extensions.Forms.Recorder.Test.TestWriterTest.SimpleButton" executed="True" success="True" time="0.031" asserts="2" />
                            </results>
                          </test-suite>
                          <test-suite name="TextBoxRecorderTest" success="True" time="0.076" asserts="0">
                            <categories>
                              <category name="Recorder" />
                            </categories>
                            <results>
                              <test-case name="NUnit.Extensions.Forms.Recorder.Test.TextBoxRecorderTest.ProgrammaticallyChangeTextIsNotRecorded" executed="True" success="True" time="0.034" asserts="2" />
                              <test-case name="NUnit.Extensions.Forms.Recorder.Test.TextBoxRecorderTest.ProgrammaticallyChangeTextIsNotRecordedTwoBoxes" executed="True" success="True" time="0.018" asserts="2" />
                              <test-case name="NUnit.Extensions.Forms.Recorder.Test.TextBoxRecorderTest.TextBoxEnter" executed="True" success="True" time="0.022" asserts="2" />
                              <test-case name="NUnit.Extensions.Forms.Recorder.Test.TextBoxRecorderTest.TextBoxEnterMultiline" executed="False">
                                <reason>
                                  <message><![CDATA[]]></message>
                                </reason>
                              </test-case>
                            </results>
                          </test-suite>
                          <test-suite name="ToolStripComboBoxRecorderTest" success="True" time="0.225" asserts="0">
                            <categories>
                              <category name="Recorder" />
                            </categories>
                            <results>
                              <test-case name="NUnit.Extensions.Forms.Recorder.Test.ToolStripComboBoxRecorderTest.ToolStripComboBoxEnter" executed="True" success="True" time="0.143" asserts="2" />
                              <test-case name="NUnit.Extensions.Forms.Recorder.Test.ToolStripComboBoxRecorderTest.ToolStripComboBoxEnterAndSelect" executed="True" success="True" time="0.050" asserts="2" />
                              <test-case name="NUnit.Extensions.Forms.Recorder.Test.ToolStripComboBoxRecorderTest.ToolStripComboBoxSelect" executed="True" success="True" time="0.030" asserts="2" />
                            </results>
                          </test-suite>
                          <test-suite name="TreeViewRecorderTest" success="True" time="0.077" asserts="0">
                            <categories>
                              <category name="Recorder" />
                            </categories>
                            <results>
                              <test-case name="NUnit.Extensions.Forms.Recorder.Test.TreeViewRecorderTest.TreeViewAfterSelect" executed="True" success="True" time="0.077" asserts="2" />
                            </results>
                          </test-suite>
                        </results>
                      </test-suite>
                    </results>
                  </test-suite>
                  <test-suite name="Test" success="True" time="0.057" asserts="0">
                    <results>
                      <test-suite name="DialogWithNoHandlerTest" success="True" time="0.041" asserts="0">
                        <results>
                          <test-case name="NUnit.Extensions.Forms.Test.DialogWithNoHandlerTest.TestAcceptButton" executed="True" success="True" time="0.030" asserts="2" />
                          <test-case name="NUnit.Extensions.Forms.Test.DialogWithNoHandlerTest.TestRejectButton" executed="True" success="True" time="0.011" asserts="2" />
                        </results>
                      </test-suite>
                      <test-suite name="ToborTest" success="True" time="0.014" asserts="0">
                        <results>
                          <test-case name="NUnit.Extensions.Forms.Test.ToborTest.Test1" executed="True" success="True" time="0.014" asserts="1" />
                        </results>
                      </test-suite>
                    </results>
                  </test-suite>
                  <test-suite name="TestApplications" success="True" time="2.956" asserts="0">
                    <results>
                      <test-suite name="ButtonTest" success="True" time="0.081" asserts="0">
                        <results>
                          <test-case name="NUnit.Extensions.Forms.TestApplications.ButtonTest.ButtonClick" executed="True" success="True" time="0.016" asserts="2" />
                          <test-case name="NUnit.Extensions.Forms.TestApplications.ButtonTest.ButtonText" executed="True" success="True" time="0.010" asserts="1" />
                          <test-case name="NUnit.Extensions.Forms.TestApplications.ButtonTest.Click_ThrowsException_IfNotEnabled" executed="True" success="True" time="0.018" asserts="0" />
                          <test-case name="NUnit.Extensions.Forms.TestApplications.ButtonTest.Click_ThrowsException_IfNotVisible" executed="True" success="True" time="0.012" asserts="0" />
                          <test-case name="NUnit.Extensions.Forms.TestApplications.ButtonTest.FireEvent" executed="True" success="True" time="0.011" asserts="2" />
                          <test-case name="NUnit.Extensions.Forms.TestApplications.ButtonTest.FireEventWithArg" executed="True" success="True" time="0.012" asserts="2" />
                        </results>
                      </test-suite>
                      <test-suite name="CheckBoxTest" success="True" time="0.053" asserts="0">
                        <results>
                          <test-case name="NUnit.Extensions.Forms.TestApplications.CheckBoxTest.Check" executed="True" success="True" time="0.012" asserts="3" />
                          <test-case name="NUnit.Extensions.Forms.TestApplications.CheckBoxTest.ToggleWithValue" executed="True" success="True" time="0.014" asserts="3" />
                          <test-case name="NUnit.Extensions.Forms.TestApplications.CheckBoxTest.UnCheck" executed="True" success="True" time="0.012" asserts="3" />
                          <test-case name="NUnit.Extensions.Forms.TestApplications.CheckBoxTest.UnCheck2" executed="True" success="True" time="0.013" asserts="3" />
                        </results>
                      </test-suite>
                      <test-suite name="CheckedListBoxTest" success="True" time="0.083" asserts="0">
                        <results>
                          <test-case name="NUnit.Extensions.Forms.TestApplications.CheckedListBoxTest.CheckItem" executed="True" success="True" time="0.023" asserts="0" />
                          <test-case name="NUnit.Extensions.Forms.TestApplications.CheckedListBoxTest.CheckItems" executed="True" success="True" time="0.029" asserts="0" />
                          <test-case name="NUnit.Extensions.Forms.TestApplications.CheckedListBoxTest.ClearItems" executed="True" success="True" time="0.015" asserts="0" />
                          <test-case name="NUnit.Extensions.Forms.TestApplications.CheckedListBoxTest.HookupTestForm" executed="True" success="True" time="0.014" asserts="1" />
                        </results>
                      </test-suite>
                      <test-suite name="ComboBoxTest" success="True" time="0.099" asserts="0">
                        <results>
                          <test-case name="NUnit.Extensions.Forms.TestApplications.ComboBoxTest.MethodInvokeOnControlTester" executed="True" success="True" time="0.019" asserts="1" />
                          <test-case name="NUnit.Extensions.Forms.TestApplications.ComboBoxTest.Select" executed="True" success="True" time="0.020" asserts="1" />
                          <test-case name="NUnit.Extensions.Forms.TestApplications.ComboBoxTest.SelectByBadText" executed="True" success="True" time="0.020" asserts="0" />
                          <test-case name="NUnit.Extensions.Forms.TestApplications.ComboBoxTest.SelectByText" executed="True" success="True" time="0.020" asserts="1" />
                          <test-case name="NUnit.Extensions.Forms.TestApplications.ComboBoxTest.TextBox" executed="True" success="True" time="0.019" asserts="2" />
                        </results>
                      </test-suite>
                      <test-suite name="ContextMenuTest" success="True" time="0.121" asserts="0">
                        <results>
                          <test-case name="NUnit.Extensions.Forms.TestApplications.ContextMenuTest.AmbiguousNameBecauseInSubMenusButNotQualified" executed="True" success="True" time="0.012" asserts="0" />
                          <test-case name="NUnit.Extensions.Forms.TestApplications.ContextMenuTest.AmbiguousNameBecauseInTwoMenus" executed="True" success="True" time="0.011" asserts="0" />
                          <test-case name="NUnit.Extensions.Forms.TestApplications.ContextMenuTest.AmbiguousNameBecauseWeUseTextNotNameForMenuItems" executed="True" success="True" time="0.012" asserts="0" />
                          <test-case name="NUnit.Extensions.Forms.TestApplications.ContextMenuTest.ContextMenuClick" executed="True" success="True" time="0.013" asserts="1" />
                          <test-case name="NUnit.Extensions.Forms.TestApplications.ContextMenuTest.DontNeedToSpecifyWhichForm" executed="True" success="True" time="0.013" asserts="0" />
                          <test-case name="NUnit.Extensions.Forms.TestApplications.ContextMenuTest.GeneratedTest" executed="True" success="True" time="0.022" asserts="1" />
                          <test-case name="NUnit.Extensions.Forms.TestApplications.ContextMenuTest.NoSuchControlFinder" executed="True" success="True" time="0.011" asserts="0" />
                          <test-case name="NUnit.Extensions.Forms.TestApplications.ContextMenuTest.NotAmbiguousNameBecauseInSubMenus" executed="True" success="True" time="0.010" asserts="0" />
                          <test-case name="NUnit.Extensions.Forms.TestApplications.ContextMenuTest.NotAmbiguousNameBecauseInTwoMenusButQualified" executed="True" success="True" time="0.016" asserts="0" />
                        </results>
                      </test-suite>
                      <test-suite name="ControlNameTest" success="True" time="0.064" asserts="0">
                        <results>
                          <test-case name="NUnit.Extensions.Forms.TestApplications.ControlNameTest.AmbiguousName" executed="True" success="True" time="0.014" asserts="0" />
                          <test-case name="NUnit.Extensions.Forms.TestApplications.ControlNameTest.FindNestedControl" executed="True" success="True" time="0.017" asserts="1" />
                          <test-case name="NUnit.Extensions.Forms.TestApplications.ControlNameTest.NoSuchName" executed="True" success="True" time="0.013" asserts="0" />
                          <test-case name="NUnit.Extensions.Forms.TestApplications.ControlNameTest.UseAUserControlCustomTester" executed="True" success="True" time="0.019" asserts="1" />
                        </results>
                      </test-suite>
                      <test-suite name="ControlTest" success="True" time="0.064" asserts="0">
                        <results>
                          <test-case name="NUnit.Extensions.Forms.TestApplications.ControlTest.BadIndex" executed="True" success="True" time="0.014" asserts="0" />
                          <test-case name="NUnit.Extensions.Forms.TestApplications.ControlTest.ControlClick" executed="True" success="True" time="0.010" asserts="1" />
                          <test-case name="NUnit.Extensions.Forms.TestApplications.ControlTest.ControlTestersHaveFourConstructorsAndIndexer" executed="True" success="True" time="0.013" asserts="6" />
                          <test-case name="NUnit.Extensions.Forms.TestApplications.ControlTest.ControlText" executed="True" success="True" time="0.011" asserts="1" />
                          <test-case name="NUnit.Extensions.Forms.TestApplications.ControlTest.Property" executed="True" success="True" time="0.012" asserts="2" />
                        </results>
                      </test-suite>
                      <test-suite name="DatabindingTest" success="True" time="0.288" asserts="0">
                        <results>
                          <test-case name="NUnit.Extensions.Forms.TestApplications.DatabindingTest.CheckBoxDataSetBinding" executed="True" success="True" time="0.223" asserts="2" />
                          <test-case name="NUnit.Extensions.Forms.TestApplications.DatabindingTest.DataSetBindingWithGenericPropertySetter" executed="True" success="True" time="0.033" asserts="2" />
                          <test-case name="NUnit.Extensions.Forms.TestApplications.DatabindingTest.TextBoxDataSetBinding" executed="True" success="True" time="0.031" asserts="2" />
                        </results>
                      </test-suite>
                      <test-suite name="DynamicControlsTest" success="True" time="0.104" asserts="0">
                        <results>
                          <test-case name="NUnit.Extensions.Forms.TestApplications.DynamicControlsTest.DynamicButtonClick" executed="True" success="True" time="0.013" asserts="1" />
                          <test-case name="NUnit.Extensions.Forms.TestApplications.DynamicControlsTest.DynamicControlsWithDuplicateNameCount" executed="True" success="True" time="0.014" asserts="1" />
                          <test-case name="NUnit.Extensions.Forms.TestApplications.DynamicControlsTest.DynamicControlsWithDuplicateNameEnumerator" executed="True" success="True" time="0.021" asserts="3" />
                          <test-case name="NUnit.Extensions.Forms.TestApplications.DynamicControlsTest.DynamicControlsWithDuplicateNameIsAmbiguous" executed="True" success="True" time="0.018" asserts="0" />
                          <test-case name="NUnit.Extensions.Forms.TestApplications.DynamicControlsTest.DynamicControlsWithDuplicateNameNotFound" executed="True" success="True" time="0.020" asserts="0" />
                          <test-case name="NUnit.Extensions.Forms.TestApplications.DynamicControlsTest.DynamicControlsWithDuplicateNameWorksByIndex" executed="True" success="True" time="0.017" asserts="0" />
                        </results>
                      </test-suite>
                      <test-suite name="FactoryTest" success="True" time="0.005" asserts="0">
                        <results>
                          <test-case name="NUnit.Extensions.Forms.TestApplications.FactoryTest.New" executed="True" success="True" time="0.003" asserts="2" />
                          <test-case name="NUnit.Extensions.Forms.TestApplications.FactoryTest.NewException" executed="True" success="True" time="0.002" asserts="0" />
                        </results>
                      </test-suite>
                      <test-suite name="FormFinderTest" success="True" time="0.089" asserts="0">
                        <results>
                          <test-case name="NUnit.Extensions.Forms.TestApplications.FormFinderTest.FindAll" executed="True" success="True" time="0.020" asserts="4" />
                          <test-case name="NUnit.Extensions.Forms.TestApplications.FormFinderTest.FinderWithBadObjectHasNoName" executed="True" success="True" time="0.002" asserts="0" />
                          <test-case name="NUnit.Extensions.Forms.TestApplications.FormFinderTest.FindOneForm" executed="True" success="True" time="0.011" asserts="1" />
                          <test-case name="NUnit.Extensions.Forms.TestApplications.FormFinderTest.FindOneFormOutOfTwo" executed="True" success="True" time="0.017" asserts="3" />
                          <test-case name="NUnit.Extensions.Forms.TestApplications.FormFinderTest.FindOneFormWhenThereAreNone" executed="True" success="True" time="0.002" asserts="0" />
                          <test-case name="NUnit.Extensions.Forms.TestApplications.FormFinderTest.FindOneFormWhenThereAreTwo" executed="True" success="True" time="0.017" asserts="0" />
                          <test-case name="NUnit.Extensions.Forms.TestApplications.FormFinderTest.FindTwoFormsWhenThereAreTwo" executed="True" success="True" time="0.019" asserts="3" />
                        </results>
                      </test-suite>
                      <test-suite name="FormTest" success="True" time="0.017" asserts="0">
                        <results>
                          <test-case name="NUnit.Extensions.Forms.TestApplications.FormTest.Close" executed="True" success="True" time="0.017" asserts="1" />
                        </results>
                      </test-suite>
                      <test-suite name="LabelTest" success="True" time="0.023" asserts="0">
                        <results>
                          <test-case name="NUnit.Extensions.Forms.TestApplications.LabelTest.LabelClick" executed="True" success="True" time="0.013" asserts="1" />
                          <test-case name="NUnit.Extensions.Forms.TestApplications.LabelTest.LabelText" executed="True" success="True" time="0.010" asserts="1" />
                        </results>
                      </test-suite>
                      <test-suite name="LinkLabelTest" success="True" time="0.011" asserts="0">
                        <results>
                          <test-case name="NUnit.Extensions.Forms.TestApplications.LinkLabelTest.LinkLabelClick" executed="True" success="True" time="0.011" asserts="2" />
                        </results>
                      </test-suite>
                      <test-suite name="ListBoxTest" success="True" time="0.129" asserts="0">
                        <results>
                          <test-case name="NUnit.Extensions.Forms.TestApplications.ListBoxTest.ListBoxMultiSelection" executed="True" success="True" time="0.027" asserts="5" />
                          <test-case name="NUnit.Extensions.Forms.TestApplications.ListBoxTest.ListBoxPropertyAsserts" executed="True" success="True" time="0.022" asserts="3" />
                          <test-case name="NUnit.Extensions.Forms.TestApplications.ListBoxTest.ListBoxSelection" executed="True" success="True" time="0.024" asserts="1" />
                          <test-case name="NUnit.Extensions.Forms.TestApplications.ListBoxTest.ListBoxSelectionBad" executed="True" success="True" time="0.024" asserts="0" />
                          <test-case name="NUnit.Extensions.Forms.TestApplications.ListBoxTest.SelectDoesNotExist" executed="True" success="True" time="0.028" asserts="0" />
                        </results>
                      </test-suite>
                      <test-suite name="ListViewTest" success="True" time="0.092" asserts="0">
                        <results>
                          <test-case name="NUnit.Extensions.Forms.TestApplications.ListViewTest.AllowSingleSelectonly" executed="True" success="True" time="0.064" asserts="2" />
                          <test-case name="NUnit.Extensions.Forms.TestApplications.ListViewTest.ColorSelectionTest" executed="True" success="True" time="0.013" asserts="1" />
                          <test-case name="NUnit.Extensions.Forms.TestApplications.ListViewTest.ShowListViewForm" executed="True" success="True" time="0.014" asserts="1" />
                        </results>
                      </test-suite>
                      <test-suite name="MainMenuTest" success="True" time="0.147" asserts="0">
                        <results>
                          <test-case name="NUnit.Extensions.Forms.TestApplications.MainMenuTest.CantUseAmpsInName" executed="True" success="True" time="0.018" asserts="0" />
                          <test-case name="NUnit.Extensions.Forms.TestApplications.MainMenuTest.CantUseDotInName" executed="True" success="True" time="0.014" asserts="0" />
                          <test-case name="NUnit.Extensions.Forms.TestApplications.MainMenuTest.FormQualifiedMenuItem" executed="True" success="True" time="0.012" asserts="1" />
                          <test-case name="NUnit.Extensions.Forms.TestApplications.MainMenuTest.FullyQualifiedMenuItem" executed="True" success="True" time="0.012" asserts="1" />
                          <test-case name="NUnit.Extensions.Forms.TestApplications.MainMenuTest.ItemWithAltKey" executed="True" success="True" time="0.014" asserts="1" />
                          <test-case name="NUnit.Extensions.Forms.TestApplications.MainMenuTest.ItemWithDot" executed="True" success="True" time="0.012" asserts="1" />
                          <test-case name="NUnit.Extensions.Forms.TestApplications.MainMenuTest.MenuPopup" executed="True" success="True" time="0.012" asserts="1" />
                          <test-case name="NUnit.Extensions.Forms.TestApplications.MainMenuTest.PartiallyQualifiedSubMenuItem" executed="True" success="True" time="0.012" asserts="1" />
                          <test-case name="NUnit.Extensions.Forms.TestApplications.MainMenuTest.PlainMenu" executed="True" success="True" time="0.012" asserts="1" />
                          <test-case name="NUnit.Extensions.Forms.TestApplications.MainMenuTest.QualifiedMenu" executed="True" success="True" time="0.012" asserts="1" />
                          <test-case name="NUnit.Extensions.Forms.TestApplications.MainMenuTest.SubMenuItem" executed="True" success="True" time="0.012" asserts="1" />
                        </results>
                      </test-suite>
                      <test-suite name="ModalDialogsTest" success="True" time="0.087" asserts="0">
                        <results>
                          <test-case name="NUnit.Extensions.Forms.TestApplications.ModalDialogsTest.NoModalFound" executed="True" success="True" time="0.003" asserts="0" />
                          <test-case name="NUnit.Extensions.Forms.TestApplications.ModalDialogsTest.TestMessageBoxCancel" executed="True" success="True" time="0.011" asserts="2" />
                          <test-case name="NUnit.Extensions.Forms.TestApplications.ModalDialogsTest.TestMessageBoxOK" executed="True" success="True" time="0.010" asserts="2" />
                          <test-case name="NUnit.Extensions.Forms.TestApplications.ModalDialogsTest.TestOKCancelMessageBox" executed="True" success="True" time="0.007" asserts="1" />
                          <test-case name="NUnit.Extensions.Forms.TestApplications.ModalDialogsTest.TestSimpleMessageBox" executed="True" success="True" time="0.011" asserts="3" />
                          <test-case name="NUnit.Extensions.Forms.TestApplications.ModalDialogsTest.UnexpectedModalIsClosedAndFails" executed="True" success="True" time="0.010" asserts="0" />
                          <test-case name="NUnit.Extensions.Forms.TestApplications.ModalDialogsTest.UnexpectedModalIsClosedAndFailsNoTitle" executed="True" success="True" time="0.008" asserts="0" />
                          <test-case name="NUnit.Extensions.Forms.TestApplications.ModalDialogsTest.UnexpectedModalsEachReportErrors" executed="True" success="True" time="0.014" asserts="0" />
                          <test-case name="NUnit.Extensions.Forms.TestApplications.ModalDialogsTest.UnexpectedModalWithSameTitleReportsErrorCount" executed="True" success="True" time="0.008" asserts="0" />
                        </results>
                      </test-suite>
                      <test-suite name="ModalFormsInServiceTest" success="True" time="0.053" asserts="0">
                        <categories>
                          <category name="UsesServiceWindowStation" />
                        </categories>
                        <results>
                          <test-case name="NUnit.Extensions.Forms.TestApplications.ModalFormsInServiceTest.ModalFormDoesntShow" executed="True" success="True" time="0.008" asserts="0" />
                          <test-case name="NUnit.Extensions.Forms.TestApplications.ModalFormsInServiceTest.TestModalForm" executed="True" success="True" time="0.021" asserts="0" />
                          <test-case name="NUnit.Extensions.Forms.TestApplications.ModalFormsInServiceTest.TestModalFormByString" executed="True" success="True" time="0.020" asserts="0" />
                        </results>
                      </test-suite>
                      <test-suite name="ModalFormsTest" success="True" time="0.055" asserts="0">
                        <results>
                          <test-case name="NUnit.Extensions.Forms.TestApplications.ModalFormsTest.ModalFormDoesntShow" executed="True" success="True" time="0.015" asserts="0" />
                          <test-case name="NUnit.Extensions.Forms.TestApplications.ModalFormsTest.TestModalForm" executed="True" success="True" time="0.018" asserts="0" />
                          <test-case name="NUnit.Extensions.Forms.TestApplications.ModalFormsTest.TestModalFormByString" executed="True" success="True" time="0.020" asserts="0" />
                        </results>
                      </test-suite>
                      <test-suite name="ModalFormsTestWithoutBaseClassTest" success="True" time="0.005" asserts="0">
                        <results>
                          <test-case name="NUnit.Extensions.Forms.TestApplications.ModalFormsTestWithoutBaseClassTest.AnExampleOnAHiddenDesktopWithoutBaseClass" executed="True" success="True" time="0.002" asserts="0" />
                        </results>
                      </test-suite>
                      <test-suite name="MouseControllerTest" success="True" time="0.014" asserts="0">
                        <categories>
                          <category name="ControlsMouse" />
                          <category name="DisplayHidden" />
                        </categories>
                        <results>
                          <test-case name="NUnit.Extensions.Forms.TestApplications.MouseControllerTest.ButtonEvents" executed="False">
                            <reason>
                              <message><![CDATA[]]></message>
                            </reason>
                          </test-case>
                          <test-case name="NUnit.Extensions.Forms.TestApplications.MouseControllerTest.Buttons" executed="False">
                            <reason>
                              <message><![CDATA[]]></message>
                            </reason>
                          </test-case>
                          <test-case name="NUnit.Extensions.Forms.TestApplications.MouseControllerTest.Clicking" executed="False">
                            <reason>
                              <message><![CDATA[]]></message>
                            </reason>
                          </test-case>
                          <test-case name="NUnit.Extensions.Forms.TestApplications.MouseControllerTest.Disposing" executed="False">
                            <reason>
                              <message><![CDATA[]]></message>
                            </reason>
                          </test-case>
                          <test-case name="NUnit.Extensions.Forms.TestApplications.MouseControllerTest.DoubleClicking" executed="False">
                            <reason>
                              <message><![CDATA[]]></message>
                            </reason>
                          </test-case>
                          <test-case name="NUnit.Extensions.Forms.TestApplications.MouseControllerTest.DragEmpty" executed="False">
                            <reason>
                              <message><![CDATA[]]></message>
                            </reason>
                          </test-case>
                          <test-case name="NUnit.Extensions.Forms.TestApplications.MouseControllerTest.Dragging" executed="False">
                            <reason>
                              <message><![CDATA[]]></message>
                            </reason>
                          </test-case>
                          <test-case name="NUnit.Extensions.Forms.TestApplications.MouseControllerTest.DragNull" executed="False">
                            <reason>
                              <message><![CDATA[]]></message>
                            </reason>
                          </test-case>
                          <test-case name="NUnit.Extensions.Forms.TestApplications.MouseControllerTest.DragOdd" executed="False">
                            <reason>
                              <message><![CDATA[]]></message>
                            </reason>
                          </test-case>
                          <test-case name="NUnit.Extensions.Forms.TestApplications.MouseControllerTest.Hovering" executed="False">
                            <reason>
                              <message><![CDATA[]]></message>
                            </reason>
                          </test-case>
                          <test-case name="NUnit.Extensions.Forms.TestApplications.MouseControllerTest.MissingControl" executed="False">
                            <reason>
                              <message><![CDATA[]]></message>
                            </reason>
                          </test-case>
                          <test-case name="NUnit.Extensions.Forms.TestApplications.MouseControllerTest.Modifiers" executed="False">
                            <reason>
                              <message><![CDATA[]]></message>
                            </reason>
                          </test-case>
                          <test-case name="NUnit.Extensions.Forms.TestApplications.MouseControllerTest.ModifiersInvalid1" executed="False">
                            <reason>
                              <message><![CDATA[]]></message>
                            </reason>
                          </test-case>
                          <test-case name="NUnit.Extensions.Forms.TestApplications.MouseControllerTest.ModifiersInvalid2" executed="False">
                            <reason>
                              <message><![CDATA[]]></message>
                            </reason>
                          </test-case>
                          <test-case name="NUnit.Extensions.Forms.TestApplications.MouseControllerTest.PositioningEvents" executed="False">
                            <reason>
                              <message><![CDATA[]]></message>
                            </reason>
                          </test-case>
                          <test-case name="NUnit.Extensions.Forms.TestApplications.MouseControllerTest.PositioningInControl" executed="False">
                            <reason>
                              <message><![CDATA[]]></message>
                            </reason>
                          </test-case>
                          <test-case name="NUnit.Extensions.Forms.TestApplications.MouseControllerTest.PositioningInForm" executed="False">
                            <reason>
                              <message><![CDATA[]]></message>
                            </reason>
                          </test-case>
                          <test-case name="NUnit.Extensions.Forms.TestApplications.MouseControllerTest.PositioningUnits" executed="False">
                            <reason>
                              <message><![CDATA[]]></message>
                            </reason>
                          </test-case>
                          <test-case name="NUnit.Extensions.Forms.TestApplications.MouseControllerTest.PositioningUnitsWorld" executed="False">
                            <reason>
                              <message><![CDATA[]]></message>
                            </reason>
                          </test-case>
                          <test-case name="NUnit.Extensions.Forms.TestApplications.MouseControllerTest.XButtonEvents" executed="False">
                            <reason>
                              <message><![CDATA[]]></message>
                            </reason>
                          </test-case>
                          <test-case name="NUnit.Extensions.Forms.TestApplications.MouseControllerTest.XButtons" executed="False">
                            <reason>
                              <message><![CDATA[]]></message>
                            </reason>
                          </test-case>
                        </results>
                      </test-suite>
                      <test-suite name="MultipleFormsTest" success="True" time="0.140" asserts="0">
                        <results>
                          <test-case name="NUnit.Extensions.Forms.TestApplications.MultipleFormsTest.AmbiguousNameWithMultipleForms" executed="True" success="True" time="0.020" asserts="0" />
                          <test-case name="NUnit.Extensions.Forms.TestApplications.MultipleFormsTest.DontNeedToSpecifyForm" executed="True" success="True" time="0.028" asserts="4" />
                          <test-case name="NUnit.Extensions.Forms.TestApplications.MultipleFormsTest.TestMultipleForms" executed="True" success="True" time="0.048" asserts="0" />
                          <test-case name="NUnit.Extensions.Forms.TestApplications.MultipleFormsTest.TestMultipleFormsShouldNotFindLastButton" executed="True" success="True" time="0.042" asserts="0" />
                        </results>
                      </test-suite>
                      <test-suite name="OpenFileDialogTest" success="True" time="0.001" asserts="0">
                        <results>
                          <test-case name="NUnit.Extensions.Forms.TestApplications.OpenFileDialogTest.CancelTest" executed="False">
                            <reason>
                              <message><![CDATA[This dialog caused my tests to hang.]]></message>
                            </reason>
                          </test-case>
                          <test-case name="NUnit.Extensions.Forms.TestApplications.OpenFileDialogTest.OpenTest" executed="False">
                            <reason>
                              <message><![CDATA[This dialog caused my tests to hang.]]></message>
                            </reason>
                          </test-case>
                          <test-case name="NUnit.Extensions.Forms.TestApplications.OpenFileDialogTest.OpenTest_ConfidenceOnManyOpens" executed="False">
                            <reason>
                              <message><![CDATA[This dialog caused my tests to hang.]]></message>
                            </reason>
                          </test-case>
                        </results>
                      </test-suite>
                      <test-suite name="RadioButtonTest" success="True" time="0.018" asserts="0">
                        <results>
                          <test-case name="NUnit.Extensions.Forms.TestApplications.RadioButtonTest.SelectOption" executed="True" success="True" time="0.018" asserts="10" />
                        </results>
                      </test-suite>
                      <test-suite name="RichTextBoxTest" success="True" time="0.096" asserts="0">
                        <results>
                          <test-case name="NUnit.Extensions.Forms.TestApplications.RichTextBoxTest.DataSetBinding" executed="True" success="True" time="0.055" asserts="2" />
                          <test-case name="NUnit.Extensions.Forms.TestApplications.RichTextBoxTest.DataSetBindingWithGenericPropertySetter" executed="True" success="True" time="0.023" asserts="2" />
                          <test-case name="NUnit.Extensions.Forms.TestApplications.RichTextBoxTest.RichTextBox" executed="True" success="True" time="0.016" asserts="2" />
                        </results>
                      </test-suite>
                      <test-suite name="SaveFileDialogTest" success="True" time="0.000" asserts="0">
                        <results>
                          <test-case name="NUnit.Extensions.Forms.TestApplications.SaveFileDialogTest.CancelTest" executed="False">
                            <reason>
                              <message><![CDATA[This dialog caused my tests to hang.]]></message>
                            </reason>
                          </test-case>
                          <test-case name="NUnit.Extensions.Forms.TestApplications.SaveFileDialogTest.SaveTest" executed="False">
                            <reason>
                              <message><![CDATA[This dialog caused my tests to hang.]]></message>
                            </reason>
                          </test-case>
                          <test-case name="NUnit.Extensions.Forms.TestApplications.SaveFileDialogTest.SaveWithDefaultFile" executed="False">
                            <reason>
                              <message><![CDATA[This dialog caused my tests to hang.]]></message>
                            </reason>
                          </test-case>
                        </results>
                      </test-suite>
                      <test-suite name="SimpleAPIKeyboardTest" success="True" time="0.007" asserts="0">
                        <categories>
                          <category name="DisplayHidden" />
                          <category name="ControlsKeyboard" />
                        </categories>
                        <results>
                          <test-case name="NUnit.Extensions.Forms.TestApplications.SimpleAPIKeyboardTest.KeyDefinitions_ShiftAndRelease" executed="False">
                            <reason>
                              <message><![CDATA[This test fixture is not reliable. These tests use code that calls SendKeys.SendWait(...) which Microsoft documents as unrealiable. See: http://msdn2.microsoft.com/en-us/library/system.windows.forms.sendkeys.sendwait(VS.90).aspx]]></message>
                            </reason>
                          </test-case>
                          <test-case name="NUnit.Extensions.Forms.TestApplications.SimpleAPIKeyboardTest.PressEnterClicksButton" executed="False">
                            <reason>
                              <message><![CDATA[This test fixture is not reliable. These tests use code that calls SendKeys.SendWait(...) which Microsoft documents as unrealiable. See: http://msdn2.microsoft.com/en-us/library/system.windows.forms.sendkeys.sendwait(VS.90).aspx]]></message>
                            </reason>
                          </test-case>
                          <test-case name="NUnit.Extensions.Forms.TestApplications.SimpleAPIKeyboardTest.ReplaceOneWithDIGIT_1WhenNotInBraces" executed="False">
                            <reason>
                              <message><![CDATA[This test fixture is not reliable. These tests use code that calls SendKeys.SendWait(...) which Microsoft documents as unrealiable. See: http://msdn2.microsoft.com/en-us/library/system.windows.forms.sendkeys.sendwait(VS.90).aspx]]></message>
                            </reason>
                          </test-case>
                          <test-case name="NUnit.Extensions.Forms.TestApplications.SimpleAPIKeyboardTest.TextBox" executed="False">
                            <reason>
                              <message><![CDATA[This test fixture is not reliable. These tests use code that calls SendKeys.SendWait(...) which Microsoft documents as unrealiable. See: http://msdn2.microsoft.com/en-us/library/system.windows.forms.sendkeys.sendwait(VS.90).aspx]]></message>
                            </reason>
                          </test-case>
                          <test-case name="NUnit.Extensions.Forms.TestApplications.SimpleAPIKeyboardTest.ToUpper" executed="False">
                            <reason>
                              <message><![CDATA[This test fixture is not reliable. These tests use code that calls SendKeys.SendWait(...) which Microsoft documents as unrealiable. See: http://msdn2.microsoft.com/en-us/library/system.windows.forms.sendkeys.sendwait(VS.90).aspx]]></message>
                            </reason>
                          </test-case>
                          <test-case name="NUnit.Extensions.Forms.TestApplications.SimpleAPIKeyboardTest.TypeShiftAB" executed="False">
                            <reason>
                              <message><![CDATA[This test fixture is not reliable. These tests use code that calls SendKeys.SendWait(...) which Microsoft documents as unrealiable. See: http://msdn2.microsoft.com/en-us/library/system.windows.forms.sendkeys.sendwait(VS.90).aspx]]></message>
                            </reason>
                          </test-case>
                          <test-case name="NUnit.Extensions.Forms.TestApplications.SimpleAPIKeyboardTest.TypeShiftAGroup" executed="False">
                            <reason>
                              <message><![CDATA[This test fixture is not reliable. These tests use code that calls SendKeys.SendWait(...) which Microsoft documents as unrealiable. See: http://msdn2.microsoft.com/en-us/library/system.windows.forms.sendkeys.sendwait(VS.90).aspx]]></message>
                            </reason>
                          </test-case>
                          <test-case name="NUnit.Extensions.Forms.TestApplications.SimpleAPIKeyboardTest.TypeSpecialKey" executed="False">
                            <reason>
                              <message><![CDATA[This test fixture is not reliable. These tests use code that calls SendKeys.SendWait(...) which Microsoft documents as unrealiable. See: http://msdn2.microsoft.com/en-us/library/system.windows.forms.sendkeys.sendwait(VS.90).aspx]]></message>
                            </reason>
                          </test-case>
                          <test-case name="NUnit.Extensions.Forms.TestApplications.SimpleAPIKeyboardTest.UnbalancedGroupDelimitersThrowsException" executed="False">
                            <reason>
                              <message><![CDATA[This test fixture is not reliable. These tests use code that calls SendKeys.SendWait(...) which Microsoft documents as unrealiable. See: http://msdn2.microsoft.com/en-us/library/system.windows.forms.sendkeys.sendwait(VS.90).aspx]]></message>
                            </reason>
                          </test-case>
                        </results>
                      </test-suite>
                      <test-suite name="SimpleAPIKeyboardWithEmulateWindowSpecificEmulationTest" success="True" time="0.003" asserts="0">
                        <results>
                          <test-case name="NUnit.Extensions.Forms.TestApplications.SimpleAPIKeyboardWithEmulateWindowSpecificEmulationTest.KeyDefinitions_ShiftAndRelease" executed="False">
                            <reason>
                              <message><![CDATA[Work in progress. Tests do fail as work is incomplete.]]></message>
                            </reason>
                          </test-case>
                          <test-case name="NUnit.Extensions.Forms.TestApplications.SimpleAPIKeyboardWithEmulateWindowSpecificEmulationTest.PressEnterClicksButton" executed="False">
                            <reason>
                              <message><![CDATA[Work in progress. Tests do fail as work is incomplete.]]></message>
                            </reason>
                          </test-case>
                          <test-case name="NUnit.Extensions.Forms.TestApplications.SimpleAPIKeyboardWithEmulateWindowSpecificEmulationTest.ReplaceOneWithDIGIT_1WhenNotInBraces" executed="False">
                            <reason>
                              <message><![CDATA[Work in progress. Tests do fail as work is incomplete.]]></message>
                            </reason>
                          </test-case>
                          <test-case name="NUnit.Extensions.Forms.TestApplications.SimpleAPIKeyboardWithEmulateWindowSpecificEmulationTest.TextBox" executed="False">
                            <reason>
                              <message><![CDATA[Work in progress. Tests do fail as work is incomplete.]]></message>
                            </reason>
                          </test-case>
                          <test-case name="NUnit.Extensions.Forms.TestApplications.SimpleAPIKeyboardWithEmulateWindowSpecificEmulationTest.ToUpper" executed="False">
                            <reason>
                              <message><![CDATA[Work in progress. Tests do fail as work is incomplete.]]></message>
                            </reason>
                          </test-case>
                          <test-case name="NUnit.Extensions.Forms.TestApplications.SimpleAPIKeyboardWithEmulateWindowSpecificEmulationTest.TypeShiftAB" executed="False">
                            <reason>
                              <message><![CDATA[Work in progress. Tests do fail as work is incomplete.]]></message>
                            </reason>
                          </test-case>
                          <test-case name="NUnit.Extensions.Forms.TestApplications.SimpleAPIKeyboardWithEmulateWindowSpecificEmulationTest.TypeShiftAGroup" executed="False">
                            <reason>
                              <message><![CDATA[Work in progress. Tests do fail as work is incomplete.]]></message>
                            </reason>
                          </test-case>
                          <test-case name="NUnit.Extensions.Forms.TestApplications.SimpleAPIKeyboardWithEmulateWindowSpecificEmulationTest.TypeSpecialKey" executed="False">
                            <reason>
                              <message><![CDATA[Work in progress. Tests do fail as work is incomplete.]]></message>
                            </reason>
                          </test-case>
                          <test-case name="NUnit.Extensions.Forms.TestApplications.SimpleAPIKeyboardWithEmulateWindowSpecificEmulationTest.UnbalancedGroupDelimitersThrowsException" executed="False">
                            <reason>
                              <message><![CDATA[Work in progress. Tests do fail as work is incomplete.]]></message>
                            </reason>
                          </test-case>
                        </results>
                      </test-suite>
                      <test-suite name="SimpleAPIKeyboardWithEmulationTest" success="True" time="0.004" asserts="0">
                        <results>
                          <test-case name="NUnit.Extensions.Forms.TestApplications.SimpleAPIKeyboardWithEmulationTest.KeyDefinitions_ShiftAndRelease" executed="False">
                            <reason>
                              <message><![CDATA[Work in progress. Tests do fail as work is incomplete.]]></message>
                            </reason>
                          </test-case>
                          <test-case name="NUnit.Extensions.Forms.TestApplications.SimpleAPIKeyboardWithEmulationTest.PressEnterClicksButton" executed="False">
                            <reason>
                              <message><![CDATA[Work in progress. Tests do fail as work is incomplete.]]></message>
                            </reason>
                          </test-case>
                          <test-case name="NUnit.Extensions.Forms.TestApplications.SimpleAPIKeyboardWithEmulationTest.ReplaceOneWithDIGIT_1WhenNotInBraces" executed="False">
                            <reason>
                              <message><![CDATA[Work in progress. Tests do fail as work is incomplete.]]></message>
                            </reason>
                          </test-case>
                          <test-case name="NUnit.Extensions.Forms.TestApplications.SimpleAPIKeyboardWithEmulationTest.TextBox" executed="False">
                            <reason>
                              <message><![CDATA[Work in progress. Tests do fail as work is incomplete.]]></message>
                            </reason>
                          </test-case>
                          <test-case name="NUnit.Extensions.Forms.TestApplications.SimpleAPIKeyboardWithEmulationTest.ToUpper" executed="False">
                            <reason>
                              <message><![CDATA[Work in progress. Tests do fail as work is incomplete.]]></message>
                            </reason>
                          </test-case>
                          <test-case name="NUnit.Extensions.Forms.TestApplications.SimpleAPIKeyboardWithEmulationTest.TypeShiftAB" executed="False">
                            <reason>
                              <message><![CDATA[Work in progress. Tests do fail as work is incomplete.]]></message>
                            </reason>
                          </test-case>
                          <test-case name="NUnit.Extensions.Forms.TestApplications.SimpleAPIKeyboardWithEmulationTest.TypeShiftAGroup" executed="False">
                            <reason>
                              <message><![CDATA[Work in progress. Tests do fail as work is incomplete.]]></message>
                            </reason>
                          </test-case>
                          <test-case name="NUnit.Extensions.Forms.TestApplications.SimpleAPIKeyboardWithEmulationTest.TypeSpecialKey" executed="False">
                            <reason>
                              <message><![CDATA[Work in progress. Tests do fail as work is incomplete.]]></message>
                            </reason>
                          </test-case>
                          <test-case name="NUnit.Extensions.Forms.TestApplications.SimpleAPIKeyboardWithEmulationTest.UnbalancedGroupDelimitersThrowsException" executed="False">
                            <reason>
                              <message><![CDATA[Work in progress. Tests do fail as work is incomplete.]]></message>
                            </reason>
                          </test-case>
                        </results>
                      </test-suite>
                      <test-suite name="SimpleAPIMouseTest" success="True" time="0.000" asserts="0">
                        <categories>
                          <category name="DisplayHidden" />
                          <category name="ControlsMouse" />
                        </categories>
                        <results>
                          <test-case name="NUnit.Extensions.Forms.TestApplications.SimpleAPIMouseTest.CanClickMultipleControls" executed="False">
                            <reason>
                              <message><![CDATA[]]></message>
                            </reason>
                          </test-case>
                          <test-case name="NUnit.Extensions.Forms.TestApplications.SimpleAPIMouseTest.CorrectMouseClicking" executed="False">
                            <reason>
                              <message><![CDATA[]]></message>
                            </reason>
                          </test-case>
                          <test-case name="NUnit.Extensions.Forms.TestApplications.SimpleAPIMouseTest.IncorrectMouseClicking" executed="False">
                            <reason>
                              <message><![CDATA[]]></message>
                            </reason>
                          </test-case>
                          <test-case name="NUnit.Extensions.Forms.TestApplications.SimpleAPIMouseTest.IncorrectMouseClickingSimplifiedAPI" executed="False">
                            <reason>
                              <message><![CDATA[]]></message>
                            </reason>
                          </test-case>
                        </results>
                      </test-suite>
                      <test-suite name="SupportFormSpecificationTest" success="True" time="0.009" asserts="0">
                        <results>
                          <test-case name="NUnit.Extensions.Forms.TestApplications.SupportFormSpecificationTest.ButtonClick" executed="True" success="True" time="0.009" asserts="2" />
                        </results>
                      </test-suite>
                      <test-suite name="SupportsAssertExtensionTest" success="True" time="0.011" asserts="0">
                        <results>
                          <test-case name="NUnit.Extensions.Forms.TestApplications.SupportsAssertExtensionTest.BaseClassAreEqual" executed="True" success="True" time="0.005" asserts="10" />
                          <test-case name="NUnit.Extensions.Forms.TestApplications.SupportsAssertExtensionTest.BaseClassAreSame" executed="True" success="True" time="0.001" asserts="2" />
                          <test-case name="NUnit.Extensions.Forms.TestApplications.SupportsAssertExtensionTest.BaseClassAssertFail" executed="True" success="True" time="0.002" asserts="0" />
                          <test-case name="NUnit.Extensions.Forms.TestApplications.SupportsAssertExtensionTest.BaseClassAssertFailMessage" executed="True" success="True" time="0.002" asserts="0" />
                          <test-case name="NUnit.Extensions.Forms.TestApplications.SupportsAssertExtensionTest.BaseClassIsFalse" executed="True" success="True" time="0.000" asserts="2" />
                          <test-case name="NUnit.Extensions.Forms.TestApplications.SupportsAssertExtensionTest.BaseClassIsTrue" executed="True" success="True" time="0.000" asserts="2" />
                        </results>
                      </test-suite>
                      <test-suite name="SupportsAssertionExtensionTest" success="True" time="0.006" asserts="0">
                        <results>
                          <test-case name="NUnit.Extensions.Forms.TestApplications.SupportsAssertionExtensionTest.BaseClassAssert" executed="True" success="True" time="0.001" asserts="2" />
                          <test-case name="NUnit.Extensions.Forms.TestApplications.SupportsAssertionExtensionTest.BaseClassAssertEquals" executed="True" success="True" time="0.001" asserts="8" />
                          <test-case name="NUnit.Extensions.Forms.TestApplications.SupportsAssertionExtensionTest.BaseClassAssertFail" executed="True" success="True" time="0.001" asserts="0" />
                          <test-case name="NUnit.Extensions.Forms.TestApplications.SupportsAssertionExtensionTest.BaseClassAssertFailMessage" executed="True" success="True" time="0.001" asserts="0" />
                          <test-case name="NUnit.Extensions.Forms.TestApplications.SupportsAssertionExtensionTest.BaseClassAssertSame" executed="True" success="True" time="0.001" asserts="2" />
                        </results>
                      </test-suite>
                      <test-suite name="TabControlTest" success="True" time="0.060" asserts="0">
                        <results>
                          <test-case name="NUnit.Extensions.Forms.TestApplications.TabControlTest.ClickNonVisibleButton" executed="True" success="True" time="0.021" asserts="0" />
                          <test-case name="NUnit.Extensions.Forms.TestApplications.TabControlTest.ClickVisibleButton" executed="True" success="True" time="0.018" asserts="2" />
                          <test-case name="NUnit.Extensions.Forms.TestApplications.TabControlTest.TabControl" executed="True" success="True" time="0.021" asserts="2" />
                        </results>
                      </test-suite>
                      <test-suite name="TextBoxTest" success="True" time="0.064" asserts="0">
                        <results>
                          <test-case name="NUnit.Extensions.Forms.TestApplications.TextBoxTest.DataSetBinding" executed="True" success="True" time="0.023" asserts="2" />
                          <test-case name="NUnit.Extensions.Forms.TestApplications.TextBoxTest.DataSetBindingWithGenericPropertySetter" executed="True" success="True" time="0.028" asserts="2" />
                          <test-case name="NUnit.Extensions.Forms.TestApplications.TextBoxTest.TextBox" executed="True" success="True" time="0.013" asserts="2" />
                        </results>
                      </test-suite>
                      <test-suite name="ToolbarTest" success="True" time="0.100" asserts="0">
                        <results>
                          <test-case name="NUnit.Extensions.Forms.TestApplications.ToolbarTest.ClickToolbarButton" executed="True" success="True" time="0.040" asserts="2" />
                          <test-case name="NUnit.Extensions.Forms.TestApplications.ToolbarTest.DropDownButtonTest" executed="True" success="True" time="0.021" asserts="2" />
                          <test-case name="NUnit.Extensions.Forms.TestApplications.ToolbarTest.GetToolbar" executed="True" success="True" time="0.016" asserts="1" />
                          <test-case name="NUnit.Extensions.Forms.TestApplications.ToolbarTest.ToggleButtonTest" executed="True" success="True" time="0.023" asserts="3" />
                        </results>
                      </test-suite>
                      <test-suite name="ToolStripButtonTest" success="True" time="0.384" asserts="0">
                        <results>
                          <test-case name="NUnit.Extensions.Forms.TestApplications.ToolStripButtonTest.BottomContainerButton" executed="True" success="True" time="0.204" asserts="1" />
                          <test-case name="NUnit.Extensions.Forms.TestApplications.ToolStripButtonTest.CenterContainerButton" executed="True" success="True" time="0.026" asserts="1" />
                          <test-case name="NUnit.Extensions.Forms.TestApplications.ToolStripButtonTest.LeftContainerButton" executed="True" success="True" time="0.027" asserts="1" />
                          <test-case name="NUnit.Extensions.Forms.TestApplications.ToolStripButtonTest.MainMenuButton" executed="True" success="True" time="0.029" asserts="1" />
                          <test-case name="NUnit.Extensions.Forms.TestApplications.ToolStripButtonTest.PanelButton" executed="True" success="True" time="0.023" asserts="1" />
                          <test-case name="NUnit.Extensions.Forms.TestApplications.ToolStripButtonTest.RightContainerButton" executed="True" success="True" time="0.026" asserts="1" />
                          <test-case name="NUnit.Extensions.Forms.TestApplications.ToolStripButtonTest.StatusBarDropDownButton" executed="True" success="True" time="0.024" asserts="1" />
                          <test-case name="NUnit.Extensions.Forms.TestApplications.ToolStripButtonTest.TopContainerButton" executed="True" success="True" time="0.024" asserts="1" />
                        </results>
                      </test-suite>
                      <test-suite name="ToolStripComboBoxTest" success="True" time="0.023" asserts="0">
                        <results>
                          <test-case name="NUnit.Extensions.Forms.TestApplications.ToolStripComboBoxTest.MainToolbar" executed="True" success="True" time="0.023" asserts="1" />
                        </results>
                      </test-suite>
                      <test-suite name="ToolStripContainerTest" success="True" time="0.034" asserts="0">
                        <results>
                          <test-case name="NUnit.Extensions.Forms.TestApplications.ToolStripContainerTest.ButtonClick" executed="True" success="True" time="0.021" asserts="2" />
                          <test-case name="NUnit.Extensions.Forms.TestApplications.ToolStripContainerTest.ToolStripButtonClick" executed="True" success="True" time="0.013" asserts="2" />
                        </results>
                      </test-suite>
                      <test-suite name="ToolStripDropDownButtonTest" success="True" time="0.049" asserts="0">
                        <results>
                          <test-case name="NUnit.Extensions.Forms.TestApplications.ToolStripDropDownButtonTest.ClickDropDownItem" executed="True" success="True" time="0.034" asserts="1" />
                          <test-case name="NUnit.Extensions.Forms.TestApplications.ToolStripDropDownButtonTest.MainToolbar" executed="True" success="True" time="0.012" asserts="1" />
                        </results>
                      </test-suite>
                      <test-suite name="ToolStripMenuTest" success="True" time="0.106" asserts="0">
                        <results>
                          <test-case name="NUnit.Extensions.Forms.TestApplications.ToolStripMenuTest.InContainerMenu" executed="True" success="True" time="0.032" asserts="1" />
                          <test-case name="NUnit.Extensions.Forms.TestApplications.ToolStripMenuTest.InPanelMenu" executed="True" success="True" time="0.024" asserts="1" />
                          <test-case name="NUnit.Extensions.Forms.TestApplications.ToolStripMenuTest.MainMenuSubItem" executed="True" success="True" time="0.024" asserts="1" />
                          <test-case name="NUnit.Extensions.Forms.TestApplications.ToolStripMenuTest.PlainMenu" executed="True" success="True" time="0.024" asserts="1" />
                        </results>
                      </test-suite>
                      <test-suite name="ToolStripSplitButtonTest" success="True" time="0.020" asserts="0">
                        <results>
                          <test-case name="NUnit.Extensions.Forms.TestApplications.ToolStripSplitButtonTest.MainToolbar" executed="True" success="True" time="0.020" asserts="1" />
                        </results>
                      </test-suite>
                      <test-suite name="ToolStripTextBoxTest" success="True" time="0.020" asserts="0">
                        <results>
                          <test-case name="NUnit.Extensions.Forms.TestApplications.ToolStripTextBoxTest.ToolStripTextBoxOnToolBar" executed="True" success="True" time="0.020" asserts="3" />
                        </results>
                      </test-suite>
                      <test-suite name="TreeViewTest" success="True" time="0.029" asserts="0">
                        <results>
                          <test-case name="NUnit.Extensions.Forms.TestApplications.TreeViewTest.AfterSelectNode" executed="True" success="True" time="0.013" asserts="2" />
                          <test-case name="NUnit.Extensions.Forms.TestApplications.TreeViewTest.AfterSelectNodeSubNodes" executed="True" success="True" time="0.016" asserts="1" />
                        </results>
                      </test-suite>
                    </results>
                  </test-suite>
                  <test-suite name="UnitTests" success="True" time="0.213" asserts="0">
                    <results>
                      <test-suite name="KeyboardControllerTest" success="True" time="0.002" asserts="0">
                        <results>
                          <test-case name="NUnit.Extensions.Forms.UnitTests.KeyboardControllerTest.Type_BACKSPACE" executed="False">
                            <reason>
                              <message><![CDATA[Uses Microsoft SendKeys class which is unreliable. Test fail intermittently.]]></message>
                            </reason>
                          </test-case>
                          <test-case name="NUnit.Extensions.Forms.UnitTests.KeyboardControllerTest.Type_EscapesFormatCharacters" executed="False">
                            <reason>
                              <message><![CDATA[Uses Microsoft SendKeys class which is unreliable. Test fail intermittently.]]></message>
                            </reason>
                          </test-case>
                          <test-case name="NUnit.Extensions.Forms.UnitTests.KeyboardControllerTest.Type_HOME" executed="False">
                            <reason>
                              <message><![CDATA[Uses Microsoft SendKeys class which is unreliable. Test fail intermittently.]]></message>
                            </reason>
                          </test-case>
                          <test-case name="NUnit.Extensions.Forms.UnitTests.KeyboardControllerTest.Type_LEFT" executed="False">
                            <reason>
                              <message><![CDATA[Uses Microsoft SendKeys class which is unreliable. Test fail intermittently.]]></message>
                            </reason>
                          </test-case>
                          <test-case name="NUnit.Extensions.Forms.UnitTests.KeyboardControllerTest.Type_PreversesCharacterCase" executed="False">
                            <reason>
                              <message><![CDATA[Uses Microsoft SendKeys class which is unreliable. Test fail intermittently.]]></message>
                            </reason>
                          </test-case>
                          <test-case name="NUnit.Extensions.Forms.UnitTests.KeyboardControllerTest.Type_RepeatCharacters" executed="False">
                            <reason>
                              <message><![CDATA[Uses Microsoft SendKeys class which is unreliable. Test fail intermittently.]]></message>
                            </reason>
                          </test-case>
                          <test-case name="NUnit.Extensions.Forms.UnitTests.KeyboardControllerTest.Type_RIGHT" executed="False">
                            <reason>
                              <message><![CDATA[Uses Microsoft SendKeys class which is unreliable. Test fail intermittently.]]></message>
                            </reason>
                          </test-case>
                          <test-case name="NUnit.Extensions.Forms.UnitTests.KeyboardControllerTest.Type_WithGroupedCharacterShift" executed="False">
                            <reason>
                              <message><![CDATA[Uses Microsoft SendKeys class which is unreliable. Test fail intermittently.]]></message>
                            </reason>
                          </test-case>
                          <test-case name="NUnit.Extensions.Forms.UnitTests.KeyboardControllerTest.Type_WithSingleCharacterShift" executed="False">
                            <reason>
                              <message><![CDATA[Uses Microsoft SendKeys class which is unreliable. Test fail intermittently.]]></message>
                            </reason>
                          </test-case>
                        </results>
                      </test-suite>
                      <test-suite name="SendKeysParserTest" success="True" time="0.118" asserts="0">
                        <results>
                          <test-case name="NUnit.Extensions.Forms.UnitTests.SendKeysParserTest.AltModifier" executed="True" success="True" time="0.093" asserts="7" />
                          <test-case name="NUnit.Extensions.Forms.UnitTests.SendKeysParserTest.ControlModifier" executed="True" success="True" time="0.000" asserts="7" />
                          <test-case name="NUnit.Extensions.Forms.UnitTests.SendKeysParserTest.GroupExtraction" executed="True" success="True" time="0.001" asserts="17" />
                          <test-case name="NUnit.Extensions.Forms.UnitTests.SendKeysParserTest.Key_BACKSPACE" executed="True" success="True" time="0.001" asserts="12" />
                          <test-case name="NUnit.Extensions.Forms.UnitTests.SendKeysParserTest.Key_BREAK" executed="False">
                            <reason>
                              <message><![CDATA[Required but not implemented functionalty]]></message>
                            </reason>
                          </test-case>
                          <test-case name="NUnit.Extensions.Forms.UnitTests.SendKeysParserTest.Key_CAPSLOCK" executed="False">
                            <reason>
                              <message><![CDATA[Required but not implemented functionalty]]></message>
                            </reason>
                          </test-case>
                          <test-case name="NUnit.Extensions.Forms.UnitTests.SendKeysParserTest.Key_DELETE" executed="True" success="True" time="0.000" asserts="8" />
                          <test-case name="NUnit.Extensions.Forms.UnitTests.SendKeysParserTest.Key_DOWN" executed="True" success="True" time="0.000" asserts="4" />
                          <test-case name="NUnit.Extensions.Forms.UnitTests.SendKeysParserTest.Key_END" executed="True" success="True" time="0.000" asserts="4" />
                          <test-case name="NUnit.Extensions.Forms.UnitTests.SendKeysParserTest.Key_ENTER" executed="True" success="True" time="0.000" asserts="4" />
                          <test-case name="NUnit.Extensions.Forms.UnitTests.SendKeysParserTest.Key_ESC" executed="True" success="True" time="0.000" asserts="4" />
                          <test-case name="NUnit.Extensions.Forms.UnitTests.SendKeysParserTest.Key_FunctionKeys" executed="True" success="True" time="0.003" asserts="49" />
                          <test-case name="NUnit.Extensions.Forms.UnitTests.SendKeysParserTest.Key_HELP" executed="True" success="True" time="0.000" asserts="4" />
                          <test-case name="NUnit.Extensions.Forms.UnitTests.SendKeysParserTest.Key_HOME" executed="True" success="True" time="0.006" asserts="4" />
                          <test-case name="NUnit.Extensions.Forms.UnitTests.SendKeysParserTest.Key_INSERT" executed="True" success="True" time="0.001" asserts="8" />
                          <test-case name="NUnit.Extensions.Forms.UnitTests.SendKeysParserTest.Key_LEFT" executed="False">
                            <reason>
                              <message><![CDATA[Required but not implemented functionalty]]></message>
                            </reason>
                          </test-case>
                          <test-case name="NUnit.Extensions.Forms.UnitTests.SendKeysParserTest.Key_NUMLOCK" executed="False">
                            <reason>
                              <message><![CDATA[Required but not implemented functionalty]]></message>
                            </reason>
                          </test-case>
                          <test-case name="NUnit.Extensions.Forms.UnitTests.SendKeysParserTest.Key_PGDN" executed="False">
                            <reason>
                              <message><![CDATA[Required but not implemented functionalty]]></message>
                            </reason>
                          </test-case>
                          <test-case name="NUnit.Extensions.Forms.UnitTests.SendKeysParserTest.Key_PGUP" executed="False">
                            <reason>
                              <message><![CDATA[Required but not implemented functionalty]]></message>
                            </reason>
                          </test-case>
                          <test-case name="NUnit.Extensions.Forms.UnitTests.SendKeysParserTest.Key_PRTSC" executed="False">
                            <reason>
                              <message><![CDATA[Required but not implemented functionalty]]></message>
                            </reason>
                          </test-case>
                          <test-case name="NUnit.Extensions.Forms.UnitTests.SendKeysParserTest.Key_RIGHT" executed="False">
                            <reason>
                              <message><![CDATA[Required but not implemented functionalty]]></message>
                            </reason>
                          </test-case>
                          <test-case name="NUnit.Extensions.Forms.UnitTests.SendKeysParserTest.Key_SCROLLLOCK" executed="False">
                            <reason>
                              <message><![CDATA[Required but not implemented functionalty]]></message>
                            </reason>
                          </test-case>
                          <test-case name="NUnit.Extensions.Forms.UnitTests.SendKeysParserTest.Key_SPACE" executed="False">
                            <reason>
                              <message><![CDATA[Required but not implemented functionalty]]></message>
                            </reason>
                          </test-case>
                          <test-case name="NUnit.Extensions.Forms.UnitTests.SendKeysParserTest.Key_TAB" executed="False">
                            <reason>
                              <message><![CDATA[Required but not implemented functionalty]]></message>
                            </reason>
                          </test-case>
                          <test-case name="NUnit.Extensions.Forms.UnitTests.SendKeysParserTest.Key_UP" executed="False">
                            <reason>
                              <message><![CDATA[Required but not implemented functionalty]]></message>
                            </reason>
                          </test-case>
                          <test-case name="NUnit.Extensions.Forms.UnitTests.SendKeysParserTest.ShiftModifier" executed="True" success="True" time="0.000" asserts="7" />
                        </results>
                      </test-suite>
                      <test-suite name="SendKeysTests" success="True" time="0.085" asserts="0">
                        <results>
                          <test-case name="NUnit.Extensions.Forms.UnitTests.SendKeysTests.SendWait_AltFormatted" executed="True" success="True" time="0.074" asserts="0" />
                          <test-case name="NUnit.Extensions.Forms.UnitTests.SendKeysTests.SendWait_AltShiftControlFormatted" executed="True" success="True" time="0.002" asserts="0" />
                          <test-case name="NUnit.Extensions.Forms.UnitTests.SendKeysTests.SendWait_ControlFormatted" executed="True" success="True" time="0.001" asserts="0" />
                          <test-case name="NUnit.Extensions.Forms.UnitTests.SendKeysTests.SendWait_ShiftFormatted" executed="True" success="True" time="0.001" asserts="0" />
                          <test-case name="NUnit.Extensions.Forms.UnitTests.SendKeysTests.SendWait_SimpleText" executed="False">
                            <reason>
                              <message><![CDATA[This test is keyboard layout dependent.]]></message>
                            </reason>
                          </test-case>
                          <test-case name="NUnit.Extensions.Forms.UnitTests.SendKeysTests.SendWait_SingleCharLowerCase" executed="True" success="True" time="0.001" asserts="0" />
                          <test-case name="NUnit.Extensions.Forms.UnitTests.SendKeysTests.SendWait_SingleCharUpperCase" executed="True" success="True" time="0.001" asserts="0" />
                        </results>
                      </test-suite>
                    </results>
                  </test-suite>
                </results>
              </test-suite>
            </results>
          </test-suite>
        </results>
      </test-suite>
    </results>
  </test-suite>
</test-results>